[runtime] log path: D:\Works\ROCreader\log.txt
[2026-05-12 03:34:24] main: start
[2026-05-12 03:34:24] main: SDL_Init begin
[2026-05-12 03:34:24] main: SDL_Init ok
[2026-05-12 03:34:24] main: TTF_Init begin
[2026-05-12 03:34:24] main: TTF_Init ok
[2026-05-12 03:34:24] main: IMG_Init begin
[2026-05-12 03:34:24] main: IMG_Init ok
[2026-05-12 03:34:24] main: DetectScreenProfile begin
[native_h700] screen detect: source=env-profile detected=640x480 profile=640x480 layout=640x480
[2026-05-12 03:34:24] main: screen source=env-profile detected=640x480 profile=640x480
[2026-05-12 03:34:24] main: SDL_CreateWindow begin
[2026-05-12 03:34:25] main: SDL_CreateWindow ok
[2026-05-12 03:34:25] main: SDL_CreateRenderer begin
[native_h700] renderer: direct3d flags=0xe accelerated=yes vsync=yes
[2026-05-12 03:34:25] main: SDL_CreateRenderer ok
[native_h700] joysticks: 0
[native_h700] ui asset not found: settings_preview_theme.png
[native_h700] ui asset not found: settings_preview_animations.png
[native_h700] ui asset not found: settings_preview_audio.png
[native_h700] ui asset not found: Menu_Button Instructions.png
[native_h700] ui asset not found: Menu_CleanHistory.png
[native_h700] ui asset not found: Menu_CleanCache.png
[native_h700] ui asset not found: Menu_TXTtoUTF8.png
[native_h700] ui asset not found: Menu_Exit.png
[native_h700] ui root: D:\Works\ROCreader\ui
[2026-05-12 03:34:25] main: contributor avatars preload begin
[2026-05-12 03:34:25] main: contributor avatars preload done count=21
[2026-05-12 03:34:25] main: DetectBooksRoots count=1
[2026-05-12 03:34:25] main: books root: D:\Works\ROCreader\books
[2026-05-12 03:34:25] main: DetectCoverRoots begin
[2026-05-12 03:34:25] main: DetectCoverRoots count=1
[2026-05-12 03:34:25] main: cover root: D:\Works\ROCreader\book_covers
[native_h700] books roots: D:\Works\ROCreader\books
[native_h700] cover roots: D:\Works\ROCreader\book_covers
[native_h700] cover thumb cache dir: \mnt\mmc\cache\cover_thumbs
[native_h700] removable cover thumb cache dir: \mnt\sdcard\cache\cover_thumbs
[native_h700] txt layout cache dir: \mnt\mmc\cache\txt_layouts
[native_h700] removable txt layout cache dir: \mnt\sdcard\cache\txt_layouts
[native_h700] keymap path: D:\Works\ROCreader\native_keymap.ini
[native_h700] config path: D:\Works\ROCreader\native_config.ini
[native_h700] power script path: \mnt\mod\ctrl\pwr_new.sh
[native_h700] device model token: unknown
[native_h700] input profile: desktop-default
[2026-05-12 03:34:25] main: keymap path: D:\Works\ROCreader\native_keymap.ini
[2026-05-12 03:34:25] main: config path: D:\Works\ROCreader\native_config.ini
[2026-05-12 03:34:25] main: input profile: desktop-default
[2026-05-12 03:34:25] main: joy map: joy.0=A joy.1=B joy.2=Y joy.3=X joy.4=L1 joy.5=R1 joy.6=Select joy.7=Start joy.8=Menu joy.9=L2 joy.10=R2 joy.11=Menu joy.12=Select joy.13=Start joy.15=VolDown joy.16=VolUp
[native_h700] joy map: joy.0=A joy.1=B joy.2=Y joy.3=X joy.4=L1 joy.5=R1 joy.6=Select joy.7=Start joy.8=Menu joy.9=L2 joy.10=R2 joy.11=Menu joy.12=Select joy.13=Start joy.15=VolDown joy.16=VolUp
[2026-05-12 03:34:25] main: pad map: pad.0=A pad.1=B pad.2=X pad.3=Y pad.4=Select pad.6=Start pad.7=L2 pad.8=R2 pad.9=L1 pad.10=R1 pad.11=Up pad.12=Down pad.13=Left pad.14=Right
[native_h700] pad map: pad.0=A pad.1=B pad.2=X pad.3=Y pad.4=Select pad.6=Start pad.7=L2 pad.8=R2 pad.9=L1 pad.10=R1 pad.11=Up pad.12=Down pad.13=Left pad.14=Right
[native_h700][system_controls] discover brightness paths failed: root missing path=/sys/class/backlight
[native_h700][system_controls] init prefer_system_volume=0 brightness_path= brightness_max_path= disp_device_path=/dev/disp
[native_h700] battery discover: power_supply root unavailable
[native_h700][system_controls] discover brightness paths failed: root missing path=/sys/class/backlight
[native_h700][system_controls] init prefer_system_volume=0 brightness_path= brightness_max_path= disp_device_path=/dev/disp
[native_h700][system_controls] refresh volume skipped: prefer_system_volume=0
[native_h700][system_controls] discover brightness paths failed: root missing path=/sys/class/backlight
[native_h700][system_controls] refresh brightness failed: brightness_path= brightness_max_path= raw_brightness=0 max_brightness=0
[native_h700] sound: config_audio=1 backend=none ready=deferred volume=96
[native_h700] epub comic backend: libzip (real_renderer=yes)
[native_h700] zip image backend: zip-image (real_renderer=yes)
[native_h700] ui font try: D:\Works\ROCreader\fonts\ui_font_02.ttf
[native_h700] ui font selected: D:\Works\ROCreader\fonts\ui_font_02.ttf (project font) body_pt=16 title_pt=24 reader_pt=24
[2026-05-12 03:34:27] boot: scan complete books=798 cover_generate=0
[native_h700] boot scan complete: books=798 cover_generate=0
